<?xml version="1.0" encoding="UTF-8"?>
<!-- Generated by org.testng.reporters.JUnitReportReporter -->
<testsuite hostname="Gplenovo" name="com.elf.test.DemoB" tests="4" failures="0" timestamp="14 Jul 2020 09:04:44 GMT" time="0.024" errors="0">
  <testcase name="editCustomer" time="0.010" classname="com.elf.test.DemoB"/>
  <testcase name="deleteCustomer" time="0.014" classname="com.elf.test.DemoB"/>
  <testcase name="registerCustomer" time="0.000" classname="com.elf.test.DemoB"/>
  <testcase name="editCustomer" time="0.000" classname="com.elf.test.DemoB"/>
</testsuite> <!-- com.elf.test.DemoB -->
