<?xml version="1.0" encoding="UTF-8"?>
<!-- Generated by org.testng.reporters.JUnitReportReporter -->
<testsuite hostname="Gplenovo" name="com.elf.test.ProjectModule" tests="4" failures="0" timestamp="13 Jul 2020 11:18:06 GMT" time="0.160" errors="0">
  <testcase name="createProject" time="0.001" classname="com.elf.test.ProjectModule"/>
  <testcase name="deleteProject" time="0.000" classname="com.elf.test.ProjectModule"/>
  <testcase name="modifyProject" time="0.004" classname="com.elf.test.ProjectModule"/>
  <testcase name="createProject" time="0.155" classname="com.elf.test.ProjectModule"/>
</testsuite> <!-- com.elf.test.ProjectModule -->
