<?xml version="1.0" encoding="UTF-8"?>
<!-- Generated by org.testng.reporters.JUnitReportReporter -->
<testsuite hostname="Gplenovo" name="com.elf.test.Demo" tests="2" failures="0" timestamp="14 Jul 2020 08:46:27 GMT" time="0.262" errors="0">
  <testcase name="deleteCustomer" time="0.072" classname="com.elf.test.Demo"/>
  <testcase name="createCustomer" time="0.190" classname="com.elf.test.Demo"/>
</testsuite> <!-- com.elf.test.Demo -->
