<?xml version="1.0" encoding="UTF-8"?>
<!-- Generated by org.testng.reporters.JUnitReportReporter -->
<testsuite hostname="Gplenovo" name="com.elf.test.Assert3" tests="1" failures="0" timestamp="17 Jul 2020 06:33:01 GMT" time="30.352" errors="0">
  <testcase name="testVerifyTitle" time="30.352" classname="com.elf.test.Assert3"/>
</testsuite> <!-- com.elf.test.Assert3 -->
