<?xml version="1.0" encoding="UTF-8"?>
<!-- Generated by org.testng.reporters.JUnitReportReporter -->
<testsuite hostname="Gplenovo" name="Tyss.ScreenShot" tests="1" failures="0" timestamp="17 Jul 2020 09:02:32 GMT" time="44.180" errors="0">
  <testcase name="testScreenShot" time="44.180" classname="Tyss.ScreenShot"/>
</testsuite> <!-- Tyss.ScreenShot -->
