<?xml version="1.0" encoding="UTF-8"?>
<!-- Generated by org.testng.reporters.JUnitReportReporter -->
<testsuite hostname="Gplenovo" name="com.actitime.testscripts.CreateCustomer" tests="1" failures="0" timestamp="29 Jul 2020 08:10:25 GMT" time="56.370" errors="0">
  <testcase name="testCreateCustomer" time="56.370" classname="com.actitime.testscripts.CreateCustomer"/>
</testsuite> <!-- com.actitime.testscripts.CreateCustomer -->
