<?xml version="1.0" encoding="UTF-8"?>
<!-- Generated by org.testng.reporters.JUnitReportReporter -->
<testsuite hostname="Gplenovo" name="com.actitime.testscripts.CreateCustomer" tests="1" failures="0" timestamp="30 Jul 2020 09:44:58 GMT" time="58.773" errors="0">
  <testcase name="testCreateCustomer" time="58.773" classname="com.actitime.testscripts.CreateCustomer"/>
</testsuite> <!-- com.actitime.testscripts.CreateCustomer -->
